<?xml version="1.0" encoding="UTF-8"?>
<!-- Generated by org.testng.reporters.JUnitXMLReporter -->
<testsuite ignored="0" hostname="DESKTOP-TUD9NNH" failures="1" tests="3" name="Test" time="28.612" errors="0" timestamp="2024-01-25T13:15:15 IST">
  <testcase classname="TestScenarios.TestCases" name="searchOperations" time="2.554"/>
  <testcase classname="TestScenarios.TestCases" name="verifyAndAccessFacebook" time="3.7"/>
  <testcase classname="TestScenarios.TestCases" name="verifyLogin" time="14.649">
    <failure type="java.lang.AssertionError" message="expected [Login page] but found [Log in to Facebook]">
      <![CDATA[java.lang.AssertionError: expected [Login page] but found [Log in to Facebook]
at Objects.FaceBookPage.verifyLoging(FaceBookPage.java:35)
at TestScenarios.TestCases.verifyLogin(TestCases.java:53)
at java.base/java.util.ArrayList.forEach(ArrayList.java:1511)
... Removed 33 stack frames]]>
    </failure>
  </testcase> <!-- verifyLogin -->
</testsuite> <!-- Test -->
